<?xml version="1.0" encoding="UTF-8"?>
<robot generator="Robot 7.0 (Python 3.12.3 on win32)" generated="2024-05-28T14:33:05.713195" rpa="false" schemaversion="5">
<suite id="s1" name="testesNuBankClone" source="c:\Users\alana\Documents\QA RARO ACADEMY\ATIVIDADE 9\atividade9-raroacademy-ALANA-BARBOSA\android\features\testesNuBankClone.robot">
<test id="s1-t1" name="CT03 - Verificar botão de indicação de amigos" line="19">
<kw name="Dado que estou autenticado no App" owner="InicialPage">
<kw name="Abrir App" owner="config">
<kw name="Open Application" owner="AppiumLibrary">
<arg>http://127.0.0.1:4723</arg>
<arg>automationName=${ANDROID_AUTOMATION_NAME}</arg>
<arg>platformName=${ANDROID_PLATFORM_NAME}</arg>
<arg>platformVersion=${ANDROID_PLATFORM_VERSION}</arg>
<arg>appPackage=${APP_PACKAGE}</arg>
<arg>appActivity=${APP_ACTIVITY}</arg>
<doc>Opens a new application to given Appium server.
Capabilities of appium server, Android and iOS,
Please check https://github.com/appium/appium/blob/master/docs/en/writing-running-appium/server-args.md
| *Option*            | *Man.* | *Description*     |
| remote_url          | Yes    | Appium server url |
| alias               | no     | alias             |
| strict_ssl          | No     | allows you to send commands to an invalid certificate host like a self-signed one. |</doc>
<status status="PASS" start="2024-05-28T14:33:06.545177" elapsed="29.229020"/>
</kw>
<status status="PASS" start="2024-05-28T14:33:06.544178" elapsed="29.231019"/>
</kw>
<status status="PASS" start="2024-05-28T14:33:06.542180" elapsed="29.233017"/>
</kw>
<kw name="Quando acesso a tela inicial do App" owner="InicialPage">
<kw name="Wait Until Page Contains Element" owner="AppiumLibrary">
<msg time="2024-05-28T14:33:43.244225" level="INFO">xpath criteria: //android.widget.ScrollView/android.view.View[1]
xpath criteria: //android.widget.ScrollView/android.view.View[1]
xpath criteria: //android.widget.ScrollView/android.view.View[1]
xpath criteria: //android.widget.ScrollView/android.view.View[1]
xpath criteria: //android.widget.ScrollView/android.view.View[1]
xpath criteria: //android.widget.ScrollView/android.view.View[1]
xpath criteria: //android.widget.ScrollView/android.view.View[1]
xpath criteria: //android.widget.ScrollView/android.view.View[1]
xpath criteria: //android.widget.ScrollView/android.view.View[1]
xpath criteria: //android.widget.ScrollView/android.view.View[1]
xpath criteria: //android.widget.ScrollView/android.view.View[1]
xpath criteria: //android.widget.ScrollView/android.view.View[1]
xpath criteria: //android.widget.ScrollView/android.view.View[1]
xpath criteria: //android.widget.ScrollView/android.view.View[1]
xpath criteria: //android.widget.ScrollView/android.view.View[1]
xpath criteria: //android.widget.ScrollView/android.view.View[1]
xpath criteria: //android.widget.ScrollView/android.view.View[1]</msg>
<arg>${PROFILE_ICON}</arg>
<arg>10</arg>
<doc>Waits until element specified with `locator` appears on current page.</doc>
<status status="PASS" start="2024-05-28T14:33:35.777195" elapsed="7.471059"/>
</kw>
<kw name="Wait Until Page Contains Element" owner="AppiumLibrary">
<msg time="2024-05-28T14:33:43.428380" level="INFO">xpath criteria: //android.widget.ScrollView/android.widget.Button[1]</msg>
<arg>${EYE_ICON}</arg>
<doc>Waits until element specified with `locator` appears on current page.</doc>
<status status="PASS" start="2024-05-28T14:33:43.248478" elapsed="0.179902"/>
</kw>
<kw name="Wait Until Page Contains Element" owner="AppiumLibrary">
<msg time="2024-05-28T14:33:43.599551" level="INFO">xpath criteria: //android.widget.ScrollView/android.widget.Button[2]</msg>
<arg>${HELP_ICON}</arg>
<doc>Waits until element specified with `locator` appears on current page.</doc>
<status status="PASS" start="2024-05-28T14:33:43.429379" elapsed="0.171171"/>
</kw>
<kw name="Wait Until Page Contains Element" owner="AppiumLibrary">
<msg time="2024-05-28T14:33:43.726513" level="INFO">xpath criteria: //android.widget.ScrollView/android.widget.Button[3]</msg>
<arg>${MAIL_ICON}</arg>
<doc>Waits until element specified with `locator` appears on current page.</doc>
<status status="PASS" start="2024-05-28T14:33:43.600838" elapsed="0.125675"/>
</kw>
<status status="PASS" start="2024-05-28T14:33:35.777195" elapsed="7.949318"/>
</kw>
<kw name="E clico no botão &quot;mail&quot;" owner="InicialPage">
<kw name="Click Element" owner="AppiumLibrary">
<msg time="2024-05-28T14:33:43.742025" level="INFO">Clicking element 'xpath=//android.widget.ScrollView/android.widget.Button[3]'.</msg>
<msg time="2024-05-28T14:33:44.062274" level="INFO">xpath criteria: //android.widget.ScrollView/android.widget.Button[3]</msg>
<arg>${MAIL_ICON}</arg>
<doc>Click element identified by `locator`.</doc>
<status status="PASS" start="2024-05-28T14:33:43.733522" elapsed="0.328752"/>
</kw>
<status status="PASS" start="2024-05-28T14:33:43.732526" elapsed="0.330750"/>
</kw>
<kw name="Teardown" owner="config" type="TEARDOWN">
<kw name="Run Keyword If Test Failed" owner="BuiltIn">
<arg>Capture Page Screenshot</arg>
<doc>Runs the given keyword with the given arguments, if the test failed.</doc>
<status status="PASS" start="2024-05-28T14:33:44.072269" elapsed="0.000000"/>
</kw>
<kw name="Close All Applications" owner="AppiumLibrary">
<doc>Closes all open applications.</doc>
<status status="PASS" start="2024-05-28T14:33:44.073455" elapsed="1.468413"/>
</kw>
<status status="PASS" start="2024-05-28T14:33:44.071270" elapsed="1.470598"/>
</kw>
<status status="PASS" start="2024-05-28T14:33:06.534185" elapsed="39.012680"/>
</test>
<status status="PASS" start="2024-05-28T14:33:05.728186" elapsed="39.821678"/>
</suite>
<statistics>
<total>
<stat pass="1" fail="0" skip="0">All Tests</stat>
</total>
<tag>
</tag>
<suite>
<stat pass="1" fail="0" skip="0" id="s1" name="testesNuBankClone">testesNuBankClone</stat>
</suite>
</statistics>
<errors>
</errors>
</robot>
